2021-02-07 22:19:20 | [INFO]    | Discordia 2.8.4
2021-02-07 22:19:20 | [INFO]    | Connecting to Discord...
2021-02-07 22:19:21 | [INFO]    | Authenticated as TestowyBOT#0987
2021-02-07 22:19:22 | [INFO]    | Launching shard 0 (1 out of 1)...
2021-02-07 22:19:22 | [INFO]    | Shard 0 : Connected to wss://gateway.discord.gg
2021-02-07 22:19:22 | [INFO]    | Shard 0 : Received HELLO
2021-02-07 22:19:22 | [INFO]    | Shard 0 : Received READY
2021-02-07 22:26:50 | [INFO]    | Discordia 2.8.4
2021-02-07 22:26:50 | [INFO]    | Connecting to Discord...
2021-02-07 22:26:53 | [INFO]    | Authenticated as TestowyBOT#0987
2021-02-07 22:26:53 | [INFO]    | Launching shard 0 (1 out of 1)...
2021-02-07 22:26:53 | [INFO]    | Shard 0 : Connected to wss://gateway.discord.gg
2021-02-07 22:26:53 | [INFO]    | Shard 0 : Received HELLO
2021-02-07 22:26:54 | [INFO]    | Shard 0 : Received READY
2021-02-07 22:28:28 | [INFO]    | Discordia 2.8.4
2021-02-07 22:28:28 | [INFO]    | Connecting to Discord...
2021-02-07 22:28:28 | [INFO]    | Authenticated as TestowyBOT#0987
2021-02-07 22:28:28 | [INFO]    | Launching shard 0 (1 out of 1)...
2021-02-07 22:28:28 | [INFO]    | Shard 0 : Connected to wss://gateway.discord.gg
2021-02-07 22:28:28 | [INFO]    | Shard 0 : Received HELLO
2021-02-07 22:28:28 | [INFO]    | Shard 0 : Received READY
2021-02-07 22:30:49 | [INFO]    | Discordia 2.8.4
2021-02-07 22:30:49 | [INFO]    | Connecting to Discord...
2021-02-07 22:30:50 | [INFO]    | Authenticated as TestowyBOT#0987
2021-02-07 22:30:50 | [INFO]    | Launching shard 0 (1 out of 1)...
2021-02-07 22:30:50 | [INFO]    | Shard 0 : Connected to wss://gateway.discord.gg
2021-02-07 22:30:50 | [INFO]    | Shard 0 : Received HELLO
2021-02-07 22:30:50 | [INFO]    | Shard 0 : Received READY
2021-02-07 22:32:31 | [INFO]    | Discordia 2.8.4
2021-02-07 22:32:31 | [INFO]    | Connecting to Discord...
2021-02-07 22:32:39 | [INFO]    | Authenticated as TestowyBOT#0987
2021-02-07 22:32:39 | [INFO]    | Launching shard 0 (1 out of 1)...
2021-02-07 22:32:39 | [INFO]    | Shard 0 : Connected to wss://gateway.discord.gg
2021-02-07 22:32:39 | [INFO]    | Shard 0 : Received HELLO
2021-02-07 22:32:39 | [INFO]    | Shard 0 : Received READY
2021-02-07 22:34:00 | [INFO]    | Discordia 2.8.4
2021-02-07 22:34:00 | [INFO]    | Connecting to Discord...
2021-02-07 22:34:00 | [INFO]    | Authenticated as TestowyBOT#0987
2021-02-07 22:34:00 | [INFO]    | Launching shard 0 (1 out of 1)...
2021-02-07 22:34:00 | [INFO]    | Shard 0 : Connected to wss://gateway.discord.gg
2021-02-07 22:34:00 | [INFO]    | Shard 0 : Received HELLO
2021-02-07 22:34:00 | [INFO]    | Shard 0 : Received READY
2021-02-07 22:39:35 | [INFO]    | Discordia 2.8.4
2021-02-07 22:39:35 | [INFO]    | Connecting to Discord...
2021-02-07 22:39:35 | [INFO]    | Authenticated as KwadratowaLikwidacja#0987
2021-02-07 22:39:35 | [INFO]    | Launching shard 0 (1 out of 1)...
2021-02-07 22:39:35 | [INFO]    | Shard 0 : Connected to wss://gateway.discord.gg
2021-02-07 22:39:35 | [INFO]    | Shard 0 : Received HELLO
2021-02-07 22:39:35 | [INFO]    | Shard 0 : Received READY
2021-02-07 22:44:36 | [INFO]    | Discordia 2.8.4
2021-02-07 22:44:36 | [INFO]    | Connecting to Discord...
2021-02-07 22:44:36 | [INFO]    | Authenticated as KwadratowaLikwidacja#0987
2021-02-07 22:44:36 | [INFO]    | Launching shard 0 (1 out of 1)...
2021-02-07 22:44:36 | [INFO]    | Shard 0 : Connected to wss://gateway.discord.gg
2021-02-07 22:44:36 | [INFO]    | Shard 0 : Received HELLO
2021-02-07 22:44:36 | [INFO]    | Shard 0 : Received READY
2021-02-07 22:47:50 | [INFO]    | Discordia 2.8.4
2021-02-07 22:47:50 | [INFO]    | Connecting to Discord...
2021-02-07 22:47:51 | [INFO]    | Authenticated as Kwadratowa Likwidacja#0987
2021-02-07 22:47:51 | [INFO]    | Launching shard 0 (1 out of 1)...
2021-02-07 22:47:51 | [INFO]    | Shard 0 : Connected to wss://gateway.discord.gg
2021-02-07 22:47:51 | [INFO]    | Shard 0 : Received HELLO
2021-02-07 22:47:51 | [INFO]    | Shard 0 : Received READY
2021-02-08 10:49:15 | [INFO]    | Discordia 2.8.4
2021-02-08 10:49:15 | [INFO]    | Connecting to Discord...
2021-02-08 10:49:15 | [INFO]    | Authenticated as Kwadratowa Likwidacja#0987
2021-02-08 10:49:15 | [INFO]    | Launching shard 0 (1 out of 1)...
2021-02-08 10:49:15 | [INFO]    | Shard 0 : Connected to wss://gateway.discord.gg
2021-02-08 10:49:15 | [INFO]    | Shard 0 : Received HELLO
2021-02-08 10:49:16 | [INFO]    | Shard 0 : Received READY
2021-02-08 10:52:07 | [INFO]    | Discordia 2.8.4
2021-02-08 10:52:07 | [INFO]    | Connecting to Discord...
2021-02-08 10:52:08 | [INFO]    | Authenticated as Kwadratowa Likwidacja#0987
2021-02-08 10:52:08 | [INFO]    | Launching shard 0 (1 out of 1)...
2021-02-08 10:52:08 | [INFO]    | Shard 0 : Connected to wss://gateway.discord.gg
2021-02-08 10:52:08 | [INFO]    | Shard 0 : Received HELLO
2021-02-08 10:52:08 | [INFO]    | Shard 0 : Received READY
2021-02-08 10:57:39 | [INFO]    | Discordia 2.8.4
2021-02-08 10:57:39 | [INFO]    | Connecting to Discord...
2021-02-08 10:57:40 | [INFO]    | Authenticated as Kwadratowa Likwidacja#0987
2021-02-08 10:57:40 | [INFO]    | Launching shard 0 (1 out of 1)...
2021-02-08 10:57:41 | [INFO]    | Shard 0 : Connected to wss://gateway.discord.gg
2021-02-08 10:57:41 | [INFO]    | Shard 0 : Received HELLO
2021-02-08 10:57:41 | [INFO]    | Shard 0 : Received READY
2021-02-08 11:02:00 | [INFO]    | Discordia 2.8.4
2021-02-08 11:02:00 | [INFO]    | Connecting to Discord...
2021-02-08 11:02:01 | [INFO]    | Authenticated as Kwadratowa Likwidacja#0987
2021-02-08 11:02:01 | [INFO]    | Launching shard 0 (1 out of 1)...
2021-02-08 11:02:01 | [INFO]    | Shard 0 : Connected to wss://gateway.discord.gg
2021-02-08 11:02:01 | [INFO]    | Shard 0 : Received HELLO
2021-02-08 11:02:01 | [INFO]    | Shard 0 : Received READY
2021-02-08 11:03:36 | [INFO]    | Discordia 2.8.4
2021-02-08 11:03:36 | [INFO]    | Connecting to Discord...
2021-02-08 11:03:36 | [INFO]    | Authenticated as Kwadratowa Likwidacja#0987
2021-02-08 11:03:36 | [INFO]    | Launching shard 0 (1 out of 1)...
2021-02-08 11:03:36 | [INFO]    | Shard 0 : Connected to wss://gateway.discord.gg
2021-02-08 11:03:36 | [INFO]    | Shard 0 : Received HELLO
2021-02-08 11:03:36 | [INFO]    | Shard 0 : Received READY
2021-02-08 11:08:55 | [INFO]    | Discordia 2.8.4
2021-02-08 11:08:55 | [INFO]    | Connecting to Discord...
2021-02-08 11:08:55 | [INFO]    | Authenticated as Kwadratowa Likwidacja#0987
2021-02-08 11:08:55 | [INFO]    | Launching shard 0 (1 out of 1)...
2021-02-08 11:08:55 | [INFO]    | Shard 0 : Connected to wss://gateway.discord.gg
2021-02-08 11:08:55 | [INFO]    | Shard 0 : Received HELLO
2021-02-08 11:08:55 | [INFO]    | Shard 0 : Received READY
2021-02-08 13:17:15 | [INFO]    | Discordia 2.8.4
2021-02-08 13:17:15 | [INFO]    | Connecting to Discord...
2021-02-08 13:17:16 | [INFO]    | Authenticated as Kwadratowa Likwidacja#0987
2021-02-08 13:17:16 | [INFO]    | Launching shard 0 (1 out of 1)...
2021-02-08 13:17:16 | [INFO]    | Shard 0 : Connected to wss://gateway.discord.gg
2021-02-08 13:17:16 | [INFO]    | Shard 0 : Received HELLO
2021-02-08 13:17:16 | [INFO]    | Shard 0 : Received READY
2021-02-08 13:26:09 | [INFO]    | Discordia 2.8.4
2021-02-08 13:26:09 | [INFO]    | Connecting to Discord...
2021-02-08 13:26:09 | [INFO]    | Authenticated as Kwadratowa Likwidacja#0987
2021-02-08 13:26:09 | [INFO]    | Launching shard 0 (1 out of 1)...
2021-02-08 13:26:09 | [INFO]    | Shard 0 : Connected to wss://gateway.discord.gg
2021-02-08 13:26:09 | [INFO]    | Shard 0 : Received HELLO
2021-02-08 13:26:10 | [INFO]    | Shard 0 : Received READY
2021-02-08 13:27:22 | [INFO]    | Discordia 2.8.4
2021-02-08 13:27:22 | [INFO]    | Connecting to Discord...
2021-02-08 13:27:22 | [INFO]    | Authenticated as Kwadratowa Likwidacja#0987
2021-02-08 13:27:22 | [INFO]    | Launching shard 0 (1 out of 1)...
2021-02-08 13:27:22 | [INFO]    | Shard 0 : Connected to wss://gateway.discord.gg
2021-02-08 13:27:22 | [INFO]    | Shard 0 : Received HELLO
2021-02-08 13:27:22 | [INFO]    | Shard 0 : Received READY
2021-02-08 13:27:59 | [ERROR]   | 403 - Forbidden : PUT https://discord.com/api/v7/guilds/790576248593186847/members/570329345730543631/roles/808295677553672253
2021-02-08 13:30:22 | [ERROR]   | 403 - Forbidden : PUT https://discord.com/api/v7/guilds/790576248593186847/members/570329345730543631/roles/808295677553672253
2021-02-08 13:30:39 | [ERROR]   | 403 - Forbidden : PUT https://discord.com/api/v7/guilds/790576248593186847/members/570329345730543631/roles/808295677553672253
2021-02-08 13:30:50 | [ERROR]   | 403 - Forbidden : PUT https://discord.com/api/v7/guilds/790576248593186847/members/570329345730543631/roles/808295677553672253
2021-02-08 13:30:52 | [ERROR]   | 403 - Forbidden : PUT https://discord.com/api/v7/guilds/790576248593186847/members/570329345730543631/roles/808295677553672253
2021-02-08 13:30:54 | [ERROR]   | 403 - Forbidden : PUT https://discord.com/api/v7/guilds/790576248593186847/members/570329345730543631/roles/808295677553672253
2021-02-08 13:30:55 | [ERROR]   | 403 - Forbidden : PUT https://discord.com/api/v7/guilds/790576248593186847/members/570329345730543631/roles/808295677553672253
2021-02-08 13:32:22 | [ERROR]   | 403 - Forbidden : PUT https://discord.com/api/v7/guilds/790576248593186847/members/570329345730543631/roles/808295677553672253
2021-02-08 13:32:46 | [ERROR]   | 403 - Forbidden : PUT https://discord.com/api/v7/guilds/790576248593186847/members/570329345730543631/roles/808295677553672253
2021-02-08 13:37:06 | [INFO]    | Discordia 2.8.4
2021-02-08 13:37:06 | [INFO]    | Connecting to Discord...
2021-02-08 13:37:06 | [INFO]    | Authenticated as Kwadratowa Likwidacja#0987
2021-02-08 13:37:06 | [INFO]    | Launching shard 0 (1 out of 1)...
2021-02-08 13:37:06 | [INFO]    | Shard 0 : Connected to wss://gateway.discord.gg
2021-02-08 13:37:06 | [INFO]    | Shard 0 : Received HELLO
2021-02-08 13:37:06 | [INFO]    | Shard 0 : Received READY
2021-02-08 13:37:30 | [ERROR]   | 404 - Not Found : GET https://discord.com/api/v7/guilds/790576248593186847/members/570329345730543631
